Change Component Designator: OldDesignator=C? NewDesignator=C1
Change Component Designator: OldDesignator=C? NewDesignator=C2
Change Component Designator: OldDesignator=R? NewDesignator=R4
Change Component Designator: OldDesignator=R? NewDesignator=R5
Change Component Designator: OldDesignator=R? NewDesignator=R6
Change Component Designator: OldDesignator=R? NewDesignator=R7
Change Component Designator: OldDesignator=R? NewDesignator=R8
Change Component Designator: OldDesignator=R? NewDesignator=R9
Added Component: Designator=Arduino Mega(ARDUINO MEGA)
Added Component: Designator=J1(PCB - CONNECTOR - BARREL - CUI PJ-102)
Add component (AddParameter): Name = "Category"; Value = "Connectors"; VariantName = "[No Variations]"
Add component (AddParameter): Name = "Datasheet"; Value = "https://www.cuidevices.com/product/resource/digikeypdf/pj-102b.pdf"; VariantName = "[No Variations]"
Add component (AddParameter): Name = "Manufacturer"; Value = "CUI Devices"; VariantName = "[No Variations]"
Add component (AddParameter): Name = "Manufacturer part number"; Value = "PJ-102B"; VariantName = "[No Variations]"
Add component (AddParameter): Name = "Name"; Value = "Barrel Jack 2.5mmx5.5mm"; VariantName = "[No Variations]"
Add component (AddParameter): Name = "Rowan Part Number"; Value = "1341"; VariantName = "[No Variations]"
Add component (AddParameter): Name = "Status"; Value = "Active"; VariantName = "[No Variations]"
Add component (AddParameter): Name = "Supplier 1"; Value = "Digi-Key"; VariantName = "[No Variations]"
Add component (AddParameter): Name = "Supplier Part Number 1"; Value = "CP-102B-ND"; VariantName = "[No Variations]"
Added Component: Designator=LED1(LTH3MM12VFR4500)
Add component (AddParameter): Name = "Arrow Part Number"; Value = "LTH3MM12VFR4500"; VariantName = "[No Variations]"
Add component (AddParameter): Name = "Arrow Price/Stock"; Value = "https://www.arrow.com/en/products/lth3mm12vfr4500/visual-communications?region=nac"; VariantName = "[No Variations]"
Add component (AddParameter): Name = "Datasheet Link"; Value = "https://vcclite.com/wp-content/uploads/wpallimport/files/files/LTH3MM12VFR4500.pdf"; VariantName = "[No Variations]"
Add component (AddParameter): Name = "Height"; Value = "5.55mm"; VariantName = "[No Variations]"
Add component (AddParameter): Name = "Manufacturer_Name"; Value = "Visual Communications Company"; VariantName = "[No Variations]"
Add component (AddParameter): Name = "Manufacturer_Part_Number"; Value = "LTH3MM12VFR4500"; VariantName = "[No Variations]"
Add component (AddParameter): Name = "Mouser Part Number"; Value = "593-LTH3MM12VFR4500"; VariantName = "[No Variations]"
Add component (AddParameter): Name = "Mouser Price/Stock"; Value = "https://www.mouser.co.uk/ProductDetail/VCC/LTH3MM12VFR4500?qs=Mv7BduZupUhMUueo6XymDw%3D%3D"; VariantName = "[No Variations]"
Added Component: Designator=P1(HDR1X2)
Add component (AddParameter): Name = "LatestRevisionDate"; Value = "17-Jul-2002"; VariantName = "[No Variations]"
Add component (AddParameter): Name = "LatestRevisionNote"; Value = "Re-released for DXP Platform."; VariantName = "[No Variations]"
Add component (AddParameter): Name = "Publisher"; Value = "Altium Limited"; VariantName = "[No Variations]"
Added Component: Designator=P2(HDR1X6)
Add component (AddParameter): Name = "LatestRevisionDate"; Value = "17-Jul-2002"; VariantName = "[No Variations]"
Add component (AddParameter): Name = "LatestRevisionNote"; Value = "Re-released for DXP Platform."; VariantName = "[No Variations]"
Add component (AddParameter): Name = "Publisher"; Value = "Altium Limited"; VariantName = "[No Variations]"
Added Component: Designator=P3(HDR1X4)
Add component (AddParameter): Name = "LatestRevisionDate"; Value = "17-Jul-2002"; VariantName = "[No Variations]"
Add component (AddParameter): Name = "LatestRevisionNote"; Value = "Re-released for DXP Platform."; VariantName = "[No Variations]"
Add component (AddParameter): Name = "Publisher"; Value = "Altium Limited"; VariantName = "[No Variations]"
Added Component: Designator=P4(HDR1X8)
Add component (AddParameter): Name = "LatestRevisionDate"; Value = "17-Jul-2002"; VariantName = "[No Variations]"
Add component (AddParameter): Name = "LatestRevisionNote"; Value = "Re-released for DXP Platform."; VariantName = "[No Variations]"
Add component (AddParameter): Name = "Publisher"; Value = "Altium Limited"; VariantName = "[No Variations]"
Added Component: Designator=P5(HDR1X6)
Add component (AddParameter): Name = "LatestRevisionDate"; Value = "17-Jul-2002"; VariantName = "[No Variations]"
Add component (AddParameter): Name = "LatestRevisionNote"; Value = "Re-released for DXP Platform."; VariantName = "[No Variations]"
Add component (AddParameter): Name = "Publisher"; Value = "Altium Limited"; VariantName = "[No Variations]"
Added Component: Designator=P6(HDR2X8)
Add component (AddParameter): Name = "LatestRevisionDate"; Value = "17-Jul-2002"; VariantName = "[No Variations]"
Add component (AddParameter): Name = "LatestRevisionNote"; Value = "Re-released for DXP Platform."; VariantName = "[No Variations]"
Add component (AddParameter): Name = "Publisher"; Value = "Altium Limited"; VariantName = "[No Variations]"
Added Component: Designator=P7(HDR1X8)
Add component (AddParameter): Name = "LatestRevisionDate"; Value = "17-Jul-2002"; VariantName = "[No Variations]"
Add component (AddParameter): Name = "LatestRevisionNote"; Value = "Re-released for DXP Platform."; VariantName = "[No Variations]"
Add component (AddParameter): Name = "Publisher"; Value = "Altium Limited"; VariantName = "[No Variations]"
Added Component: Designator=P8(HDR1X6)
Add component (AddParameter): Name = "LatestRevisionDate"; Value = "17-Jul-2002"; VariantName = "[No Variations]"
Add component (AddParameter): Name = "LatestRevisionNote"; Value = "Re-released for DXP Platform."; VariantName = "[No Variations]"
Add component (AddParameter): Name = "Publisher"; Value = "Altium Limited"; VariantName = "[No Variations]"
Added Component: Designator=P9(HDR1X2)
Add component (AddParameter): Name = "LatestRevisionDate"; Value = "17-Jul-2002"; VariantName = "[No Variations]"
Add component (AddParameter): Name = "LatestRevisionNote"; Value = "Re-released for DXP Platform."; VariantName = "[No Variations]"
Add component (AddParameter): Name = "Publisher"; Value = "Altium Limited"; VariantName = "[No Variations]"
Added Component: Designator=P10(HDR1X2)
Add component (AddParameter): Name = "LatestRevisionDate"; Value = "17-Jul-2002"; VariantName = "[No Variations]"
Add component (AddParameter): Name = "LatestRevisionNote"; Value = "Re-released for DXP Platform."; VariantName = "[No Variations]"
Add component (AddParameter): Name = "Publisher"; Value = "Altium Limited"; VariantName = "[No Variations]"
Added Component: Designator=P11(HDR1X2)
Add component (AddParameter): Name = "LatestRevisionDate"; Value = "17-Jul-2002"; VariantName = "[No Variations]"
Add component (AddParameter): Name = "LatestRevisionNote"; Value = "Re-released for DXP Platform."; VariantName = "[No Variations]"
Add component (AddParameter): Name = "Publisher"; Value = "Altium Limited"; VariantName = "[No Variations]"
Added Component: Designator=P12(HDR1X2)
Add component (AddParameter): Name = "LatestRevisionDate"; Value = "17-Jul-2002"; VariantName = "[No Variations]"
Add component (AddParameter): Name = "LatestRevisionNote"; Value = "Re-released for DXP Platform."; VariantName = "[No Variations]"
Add component (AddParameter): Name = "Publisher"; Value = "Altium Limited"; VariantName = "[No Variations]"
Added Component: Designator=R1(AXIAL-0.3)
Add component (AddParameter): Name = "LatestRevisionDate"; Value = "17-Jul-2002"; VariantName = "[No Variations]"
Add component (AddParameter): Name = "LatestRevisionNote"; Value = "Re-released for DXP Platform."; VariantName = "[No Variations]"
Add component (AddParameter): Name = "PackageDescription"; Value = "Axial Device, Thru-Hole; 2 Leads; 0.3 in Pin Spacing"; VariantName = "[No Variations]"
Add component (AddParameter): Name = "PackageReference"; Value = "AXIAL-0.3"; VariantName = "[No Variations]"
Add component (AddParameter): Name = "Published"; Value = "8-Jun-2000"; VariantName = "[No Variations]"
Add component (AddParameter): Name = "Publisher"; Value = "Altium Limited"; VariantName = "[No Variations]"
Add component (AddParameter): Name = "Value"; Value = "1K"; VariantName = "[No Variations]"
Added Component: Designator=R2(AXIAL-0.3)
Add component (AddParameter): Name = "LatestRevisionDate"; Value = "17-Jul-2002"; VariantName = "[No Variations]"
Add component (AddParameter): Name = "LatestRevisionNote"; Value = "Re-released for DXP Platform."; VariantName = "[No Variations]"
Add component (AddParameter): Name = "PackageDescription"; Value = "Axial Device, Thru-Hole; 2 Leads; 0.3 in Pin Spacing"; VariantName = "[No Variations]"
Add component (AddParameter): Name = "PackageReference"; Value = "AXIAL-0.3"; VariantName = "[No Variations]"
Add component (AddParameter): Name = "Published"; Value = "8-Jun-2000"; VariantName = "[No Variations]"
Add component (AddParameter): Name = "Publisher"; Value = "Altium Limited"; VariantName = "[No Variations]"
Add component (AddParameter): Name = "Value"; Value = "1K"; VariantName = "[No Variations]"
Added Component: Designator=R3(AXIAL-0.3)
Add component (AddParameter): Name = "LatestRevisionDate"; Value = "17-Jul-2002"; VariantName = "[No Variations]"
Add component (AddParameter): Name = "LatestRevisionNote"; Value = "Re-released for DXP Platform."; VariantName = "[No Variations]"
Add component (AddParameter): Name = "PackageDescription"; Value = "Axial Device, Thru-Hole; 2 Leads; 0.3 in Pin Spacing"; VariantName = "[No Variations]"
Add component (AddParameter): Name = "PackageReference"; Value = "AXIAL-0.3"; VariantName = "[No Variations]"
Add component (AddParameter): Name = "Published"; Value = "8-Jun-2000"; VariantName = "[No Variations]"
Add component (AddParameter): Name = "Publisher"; Value = "Altium Limited"; VariantName = "[No Variations]"
Add component (AddParameter): Name = "Value"; Value = "2k"; VariantName = "[No Variations]"
Added Pin To Net: NetName=NetArduino Mega_2 Pin=Arduino Mega-2
Added Pin To Net: NetName=NetArduino Mega_3 Pin=Arduino Mega-3
Added Pin To Net: NetName=NetArduino Mega_4 Pin=Arduino Mega-4
Added Pin To Net: NetName=NetArduino Mega_5 Pin=Arduino Mega-5
Added Pin To Net: NetName=NetArduino Mega_6 Pin=Arduino Mega-6
Added Pin To Net: NetName=NetArduino Mega_7 Pin=Arduino Mega-7
Added Pin To Net: NetName=NetArduino Mega_14 Pin=Arduino Mega-14
Added Pin To Net: NetName=NetArduino Mega_15 Pin=Arduino Mega-15
Added Pin To Net: NetName=NetArduino Mega_18 Pin=Arduino Mega-18
Added Pin To Net: NetName=NetArduino Mega_19 Pin=Arduino Mega-19
Added Pin To Net: NetName=NetArduino Mega_20 Pin=Arduino Mega-20
Added Pin To Net: NetName=NetArduino Mega_21 Pin=Arduino Mega-21
Added Pin To Net: NetName=NetArduino Mega_37 Pin=Arduino Mega-37
Added Pin To Net: NetName=NetArduino Mega_39 Pin=Arduino Mega-39
Added Pin To Net: NetName=NetArduino Mega_41 Pin=Arduino Mega-41
Added Pin To Net: NetName=NetArduino Mega_43 Pin=Arduino Mega-43
Added Pin To Net: NetName=NetArduino Mega_45 Pin=Arduino Mega-45
Added Pin To Net: NetName=NetArduino Mega_47 Pin=Arduino Mega-47
Added Pin To Net: NetName=+5 Pin=Arduino Mega-56
Added Pin To Net: NetName=GND Pin=Arduino Mega-57
Added Pin To Net: NetName=GND Pin=Arduino Mega-58
Added Pin To Net: NetName=NetArduino Mega_68 Pin=Arduino Mega-68
Added Pin To Net: NetName=NetArduino Mega_69 Pin=Arduino Mega-69
Added Pin To Net: NetName=NetArduino Mega_70 Pin=Arduino Mega-70
Added Pin To Net: NetName=NetArduino Mega_71 Pin=Arduino Mega-71
Added Pin To Net: NetName=NetArduino Mega_72 Pin=Arduino Mega-72
Added Pin To Net: NetName=NetArduino Mega_73 Pin=Arduino Mega-73
Added Pin To Net: NetName=NetArduino Mega_74 Pin=Arduino Mega-74
Added Pin To Net: NetName=NetArduino Mega_75 Pin=Arduino Mega-75
Added Pin To Net: NetName=GND Pin=Arduino Mega-76
Added Pin To Net: NetName=GND Pin=Arduino Mega-78
Added Pin To Net: NetName=GND Pin=Arduino Mega-79
Added Pin To Net: NetName=+5 Pin=Arduino Mega-80
Added Pin To Net: NetName=+5 Pin=Arduino Mega-81
Added Pin To Net: NetName=+5 Pin=J1-1
Added Pin To Net: NetName=GND Pin=J1-2
Added Pin To Net: NetName=GND Pin=J1-3
Added Pin To Net: NetName=GND Pin=LED1-1
Added Pin To Net: NetName=NetLED1_2 Pin=LED1-2
Added Pin To Net: NetName=NetArduino Mega_14 Pin=P1-1
Added Pin To Net: NetName=NetArduino Mega_15 Pin=P1-2
Added Pin To Net: NetName=NetArduino Mega_7 Pin=P2-1
Added Pin To Net: NetName=NetArduino Mega_6 Pin=P2-2
Added Pin To Net: NetName=NetArduino Mega_5 Pin=P2-3
Added Pin To Net: NetName=NetArduino Mega_4 Pin=P2-4
Added Pin To Net: NetName=NetArduino Mega_3 Pin=P2-5
Added Pin To Net: NetName=NetArduino Mega_2 Pin=P2-6
Added Pin To Net: NetName=NetArduino Mega_18 Pin=P3-1
Added Pin To Net: NetName=NetArduino Mega_19 Pin=P3-2
Added Pin To Net: NetName=NetArduino Mega_20 Pin=P3-3
Added Pin To Net: NetName=NetArduino Mega_21 Pin=P3-4
Added Pin To Net: NetName=+5 Pin=P4-1
Added Pin To Net: NetName=+5 Pin=P5-2
Added Pin To Net: NetName=GND Pin=P5-3
Added Pin To Net: NetName=NetP5_5 Pin=P5-5
Added Pin To Net: NetName=NetArduino Mega_75 Pin=P7-1
Added Pin To Net: NetName=NetArduino Mega_74 Pin=P7-2
Added Pin To Net: NetName=NetArduino Mega_73 Pin=P7-3
Added Pin To Net: NetName=NetArduino Mega_72 Pin=P7-4
Added Pin To Net: NetName=NetArduino Mega_71 Pin=P7-5
Added Pin To Net: NetName=NetArduino Mega_70 Pin=P7-6
Added Pin To Net: NetName=NetArduino Mega_69 Pin=P7-7
Added Pin To Net: NetName=NetArduino Mega_68 Pin=P7-8
Added Pin To Net: NetName=NetArduino Mega_37 Pin=P8-1
Added Pin To Net: NetName=NetArduino Mega_39 Pin=P8-2
Added Pin To Net: NetName=NetArduino Mega_41 Pin=P8-3
Added Pin To Net: NetName=NetArduino Mega_43 Pin=P8-4
Added Pin To Net: NetName=NetArduino Mega_45 Pin=P8-5
Added Pin To Net: NetName=NetArduino Mega_47 Pin=P8-6
Added Pin To Net: NetName=+5 Pin=P9-1
Added Pin To Net: NetName=SW1 Pin=P9-2
Added Pin To Net: NetName=+5 Pin=P10-1
Added Pin To Net: NetName=SW2 Pin=P10-2
Added Pin To Net: NetName=+5 Pin=P11-1
Added Pin To Net: NetName=SW3 Pin=P11-2
Added Pin To Net: NetName=+5 Pin=P12-1
Added Pin To Net: NetName=SW4 Pin=P12-2
Added Pin To Net: NetName=NetLED1_2 Pin=R1-1
Added Pin To Net: NetName=+5 Pin=R1-2
Added Pin To Net: NetName=NetP5_5 Pin=R2-1
Added Pin To Net: NetName=NetP5_5 Pin=R3-1
Added Pin To Net: NetName=GND Pin=R3-2
Added Pin To Net: NetName=ARD_TX Pin=R8-1
Change Net Name : Old Net Name=NetC?_2 New Net Name=NetC2_2
Added Member To Class: ClassName=Scoreboard Member=Component Arduino Mega
Added Member To Class: ClassName=Remote Member=Component C1 0.1 µF
Added Member To Class: ClassName=Scoreboard Member=Component J1 Barrel Jack
Added Member To Class: ClassName=Scoreboard Member=Component LED1 LTH3MM12VFR4500
Added Member To Class: ClassName=Scoreboard Member=Component P1 Header 2
Added Member To Class: ClassName=Scoreboard Member=Component P2 Header 6
Added Member To Class: ClassName=Scoreboard Member=Component P3 Header 4
Added Member To Class: ClassName=Scoreboard Member=Component P4 SD Breakout
Added Member To Class: ClassName=Scoreboard Member=Component P5 HC05
Added Member To Class: ClassName=Scoreboard Member=Component P6 Header 8X2
Added Member To Class: ClassName=Scoreboard Member=Component P7 Header 8
Added Member To Class: ClassName=Scoreboard Member=Component P8 Header 6
Added Member To Class: ClassName=Remote Member=Component P9 Header 2
Added Member To Class: ClassName=Remote Member=Component P10 Header 2
Added Member To Class: ClassName=Remote Member=Component P11 Header 2
Added Member To Class: ClassName=Remote Member=Component P12 Header 2
Added Member To Class: ClassName=Scoreboard Member=Component R1 Res1
Added Member To Class: ClassName=Scoreboard Member=Component R2 Res1
Added Member To Class: ClassName=Scoreboard Member=Component R3 Res1
Added Member To Class: ClassName=Remote Member=Component R4 10 kOhms
Added Member To Class: ClassName=Remote Member=Component R5 10 kOhms
Added Member To Class: ClassName=Remote Member=Component R6 10 kOhms
Added Member To Class: ClassName=Remote Member=Component R7 10 kOhms
Added Member To Class: ClassName=Remote Member=Component R8 1 kOhms
Added Room: Name=Scoreboard
